2020-01-24T23:10:17.112Z INFO @wdio/local-runner: Run worker command: run
2020-01-24T23:10:17.558Z INFO webdriverio: Initiate new session using the webdriver protocol
2020-01-24T23:10:17.562Z INFO webdriver: [POST] http://127.0.0.1:4444/session
2020-01-24T23:10:17.562Z INFO webdriver: DATA {
  capabilities: { alwaysMatch: { browserName: 'chrome' }, firstMatch: [ {} ] },
  desiredCapabilities: { browserName: 'chrome' }
}
2020-01-24T23:10:25.121Z INFO webdriver: COMMAND navigateTo("http://automationpractice.com/")
2020-01-24T23:10:25.124Z INFO webdriver: [POST] http://127.0.0.1:4444/session/68de8a3039d4924b9df0ba0003c12eac/url
2020-01-24T23:10:25.124Z INFO webdriver: DATA { url: 'http://automationpractice.com/' }
2020-01-24T23:10:29.324Z INFO webdriver: COMMAND maximizeWindow()
2020-01-24T23:10:29.324Z INFO webdriver: [POST] http://127.0.0.1:4444/session/68de8a3039d4924b9df0ba0003c12eac/window/maximize
2020-01-24T23:10:33.805Z INFO webdriver: RESULT { height: 1056, width: 1936, x: -8, y: -8 }
2020-01-24T23:10:33.846Z INFO webdriver: COMMAND findElement("css selector", "#SubmitLogin")
2020-01-24T23:10:33.846Z INFO webdriver: [POST] http://127.0.0.1:4444/session/68de8a3039d4924b9df0ba0003c12eac/element
2020-01-24T23:10:33.847Z INFO webdriver: DATA { using: 'css selector', value: '#SubmitLogin' }
2020-01-24T23:10:33.882Z INFO webdriver: RESULT {
  error: 'no such element',
  message: 'no such element: Unable to locate element: {"method":"css selector","selector":"#SubmitLogin"}\n' +
    '  (Session info: chrome=79.0.3945.130)',
  stacktrace: 'Backtrace:\n' +
    '\tOrdinal0 [0x001AA113+1548563]\n' +
    '\tOrdinal0 [0x0012DDA1+1039777]\n' +
    '\tOrdinal0 [0x000AE485+517253]\n' +
    '\tOrdinal0 [0x00048539+99641]\n' +
    '\tOrdinal0 [0x00063BB0+211888]\n' +
    '\tOrdinal0 [0x000597B0+169904]\n' +
    '\tOrdinal0 [0x00062594+206228]\n' +
    '\tOrdinal0 [0x000595FB+169467]\n' +
    '\tOrdinal0 [0x0004160A+71178]\n' +
    '\tOrdinal0 [0x00042690+75408]\n' +
    '\tOrdinal0 [0x00042629+75305]\n' +
    '\tOrdinal0 [0x001471B7+1143223]\n' +
    '\tGetHandleVerifier [0x00242B46+507814]\n' +
    '\tGetHandleVerifier [0x00242864+507076]\n' +
    '\tGetHandleVerifier [0x00249F47+537511]\n' +
    '\tGetHandleVerifier [0x00243402+510050]\n' +
    '\tOrdinal0 [0x0013F29C+1110684]\n' +
    '\tOrdinal0 [0x0014938B+1151883]\n' +
    '\tOrdinal0 [0x001494F3+1152243]\n' +
    '\tOrdinal0 [0x001483F5+1147893]\n' +
    '\tBaseThreadInitThunk [0x764C6359+25]\n' +
    '\tRtlGetAppContainerNamedObjectPath [0x774B7B74+228]\n' +
    '\tRtlGetAppContainerNamedObjectPath [0x774B7B44+180]\n' +
    '\t(No symbol) [0x00000000]\n'
}
2020-01-24T23:10:33.899Z INFO webdriver: COMMAND findElements("css selector", "#SubmitLogin")
2020-01-24T23:10:33.902Z INFO webdriver: [POST] http://127.0.0.1:4444/session/68de8a3039d4924b9df0ba0003c12eac/elements
2020-01-24T23:10:33.902Z INFO webdriver: DATA { using: 'css selector', value: '#SubmitLogin' }
2020-01-24T23:10:33.922Z INFO webdriver: RESULT []
2020-01-24T23:10:34.399Z INFO webdriver: COMMAND findElements("css selector", "#SubmitLogin")
2020-01-24T23:10:34.400Z INFO webdriver: [POST] http://127.0.0.1:4444/session/68de8a3039d4924b9df0ba0003c12eac/elements
2020-01-24T23:10:34.400Z INFO webdriver: DATA { using: 'css selector', value: '#SubmitLogin' }
2020-01-24T23:10:34.410Z INFO webdriver: RESULT []
2020-01-24T23:10:34.898Z INFO webdriver: COMMAND findElements("css selector", "#SubmitLogin")
2020-01-24T23:10:34.898Z INFO webdriver: [POST] http://127.0.0.1:4444/session/68de8a3039d4924b9df0ba0003c12eac/elements
2020-01-24T23:10:34.899Z INFO webdriver: DATA { using: 'css selector', value: '#SubmitLogin' }
2020-01-24T23:10:34.956Z INFO webdriver: RESULT []
2020-01-24T23:10:35.397Z INFO webdriver: COMMAND findElements("css selector", "#SubmitLogin")
2020-01-24T23:10:35.397Z INFO webdriver: [POST] http://127.0.0.1:4444/session/68de8a3039d4924b9df0ba0003c12eac/elements
2020-01-24T23:10:35.397Z INFO webdriver: DATA { using: 'css selector', value: '#SubmitLogin' }
2020-01-24T23:10:35.404Z INFO webdriver: RESULT []
2020-01-24T23:10:35.897Z INFO webdriver: COMMAND findElements("css selector", "#SubmitLogin")
2020-01-24T23:10:35.897Z INFO webdriver: [POST] http://127.0.0.1:4444/session/68de8a3039d4924b9df0ba0003c12eac/elements
2020-01-24T23:10:35.898Z INFO webdriver: DATA { using: 'css selector', value: '#SubmitLogin' }
2020-01-24T23:10:35.905Z INFO webdriver: RESULT []
2020-01-24T23:10:36.396Z INFO webdriver: COMMAND findElements("css selector", "#SubmitLogin")
2020-01-24T23:10:36.396Z INFO webdriver: [POST] http://127.0.0.1:4444/session/68de8a3039d4924b9df0ba0003c12eac/elements
2020-01-24T23:10:36.396Z INFO webdriver: DATA { using: 'css selector', value: '#SubmitLogin' }
2020-01-24T23:10:36.411Z INFO webdriver: RESULT []
2020-01-24T23:10:36.898Z INFO webdriver: COMMAND findElements("css selector", "#SubmitLogin")
2020-01-24T23:10:36.898Z INFO webdriver: [POST] http://127.0.0.1:4444/session/68de8a3039d4924b9df0ba0003c12eac/elements
2020-01-24T23:10:36.898Z INFO webdriver: DATA { using: 'css selector', value: '#SubmitLogin' }
2020-01-24T23:10:36.906Z INFO webdriver: RESULT []
2020-01-24T23:10:37.398Z INFO webdriver: COMMAND findElements("css selector", "#SubmitLogin")
2020-01-24T23:10:37.398Z INFO webdriver: [POST] http://127.0.0.1:4444/session/68de8a3039d4924b9df0ba0003c12eac/elements
2020-01-24T23:10:37.398Z INFO webdriver: DATA { using: 'css selector', value: '#SubmitLogin' }
2020-01-24T23:10:37.422Z INFO webdriver: RESULT []
2020-01-24T23:10:37.896Z INFO webdriver: COMMAND findElements("css selector", "#SubmitLogin")
2020-01-24T23:10:37.897Z INFO webdriver: [POST] http://127.0.0.1:4444/session/68de8a3039d4924b9df0ba0003c12eac/elements
2020-01-24T23:10:37.897Z INFO webdriver: DATA { using: 'css selector', value: '#SubmitLogin' }
2020-01-24T23:10:37.913Z INFO webdriver: RESULT []
2020-01-24T23:10:38.397Z INFO webdriver: COMMAND findElements("css selector", "#SubmitLogin")
2020-01-24T23:10:38.397Z INFO webdriver: [POST] http://127.0.0.1:4444/session/68de8a3039d4924b9df0ba0003c12eac/elements
2020-01-24T23:10:38.397Z INFO webdriver: DATA { using: 'css selector', value: '#SubmitLogin' }
2020-01-24T23:10:38.410Z INFO webdriver: RESULT []
2020-01-24T23:10:38.898Z INFO webdriver: COMMAND findElements("css selector", "#SubmitLogin")
2020-01-24T23:10:38.898Z INFO webdriver: [POST] http://127.0.0.1:4444/session/68de8a3039d4924b9df0ba0003c12eac/elements
2020-01-24T23:10:38.898Z INFO webdriver: DATA { using: 'css selector', value: '#SubmitLogin' }
2020-01-24T23:10:38.906Z INFO webdriver: RESULT []
2020-01-24T23:10:39.399Z INFO webdriver: COMMAND findElements("css selector", "#SubmitLogin")
2020-01-24T23:10:39.400Z INFO webdriver: [POST] http://127.0.0.1:4444/session/68de8a3039d4924b9df0ba0003c12eac/elements
2020-01-24T23:10:39.400Z INFO webdriver: DATA { using: 'css selector', value: '#SubmitLogin' }
2020-01-24T23:10:39.429Z INFO webdriver: RESULT []
2020-01-24T23:10:39.897Z INFO webdriver: COMMAND findElements("css selector", "#SubmitLogin")
2020-01-24T23:10:39.898Z INFO webdriver: [POST] http://127.0.0.1:4444/session/68de8a3039d4924b9df0ba0003c12eac/elements
2020-01-24T23:10:39.898Z INFO webdriver: DATA { using: 'css selector', value: '#SubmitLogin' }
2020-01-24T23:10:39.906Z INFO webdriver: RESULT []
2020-01-24T23:10:40.395Z INFO webdriver: COMMAND findElements("css selector", "#SubmitLogin")
2020-01-24T23:10:40.396Z INFO webdriver: [POST] http://127.0.0.1:4444/session/68de8a3039d4924b9df0ba0003c12eac/elements
2020-01-24T23:10:40.396Z INFO webdriver: DATA { using: 'css selector', value: '#SubmitLogin' }
2020-01-24T23:10:40.407Z INFO webdriver: RESULT []
2020-01-24T23:10:40.898Z INFO webdriver: COMMAND findElements("css selector", "#SubmitLogin")
2020-01-24T23:10:40.899Z INFO webdriver: [POST] http://127.0.0.1:4444/session/68de8a3039d4924b9df0ba0003c12eac/elements
2020-01-24T23:10:40.899Z INFO webdriver: DATA { using: 'css selector', value: '#SubmitLogin' }
2020-01-24T23:10:40.934Z INFO webdriver: RESULT []
2020-01-24T23:10:41.398Z INFO webdriver: COMMAND findElements("css selector", "#SubmitLogin")
2020-01-24T23:10:41.399Z INFO webdriver: [POST] http://127.0.0.1:4444/session/68de8a3039d4924b9df0ba0003c12eac/elements
2020-01-24T23:10:41.400Z INFO webdriver: DATA { using: 'css selector', value: '#SubmitLogin' }
2020-01-24T23:10:41.455Z INFO webdriver: RESULT []
2020-01-24T23:10:41.899Z INFO webdriver: COMMAND findElements("css selector", "#SubmitLogin")
2020-01-24T23:10:41.899Z INFO webdriver: [POST] http://127.0.0.1:4444/session/68de8a3039d4924b9df0ba0003c12eac/elements
2020-01-24T23:10:41.900Z INFO webdriver: DATA { using: 'css selector', value: '#SubmitLogin' }
2020-01-24T23:10:41.917Z INFO webdriver: RESULT []
2020-01-24T23:10:42.397Z INFO webdriver: COMMAND findElements("css selector", "#SubmitLogin")
2020-01-24T23:10:42.398Z INFO webdriver: [POST] http://127.0.0.1:4444/session/68de8a3039d4924b9df0ba0003c12eac/elements
2020-01-24T23:10:42.398Z INFO webdriver: DATA { using: 'css selector', value: '#SubmitLogin' }
2020-01-24T23:10:42.422Z INFO webdriver: RESULT []
2020-01-24T23:10:42.896Z INFO webdriver: COMMAND findElements("css selector", "#SubmitLogin")
2020-01-24T23:10:42.897Z INFO webdriver: [POST] http://127.0.0.1:4444/session/68de8a3039d4924b9df0ba0003c12eac/elements
2020-01-24T23:10:42.897Z INFO webdriver: DATA { using: 'css selector', value: '#SubmitLogin' }
2020-01-24T23:10:42.920Z INFO webdriver: RESULT []
2020-01-24T23:10:43.396Z INFO webdriver: COMMAND findElements("css selector", "#SubmitLogin")
2020-01-24T23:10:43.397Z INFO webdriver: [POST] http://127.0.0.1:4444/session/68de8a3039d4924b9df0ba0003c12eac/elements
2020-01-24T23:10:43.397Z INFO webdriver: DATA { using: 'css selector', value: '#SubmitLogin' }
2020-01-24T23:10:43.408Z INFO webdriver: RESULT []
2020-01-24T23:10:43.896Z INFO webdriver: COMMAND findElements("css selector", "#SubmitLogin")
2020-01-24T23:10:43.897Z INFO webdriver: [POST] http://127.0.0.1:4444/session/68de8a3039d4924b9df0ba0003c12eac/elements
2020-01-24T23:10:43.897Z INFO webdriver: DATA { using: 'css selector', value: '#SubmitLogin' }
2020-01-24T23:10:43.924Z INFO webdriver: RESULT []
2020-01-24T23:10:43.929Z INFO webdriver: COMMAND findElement("css selector", "#email")
2020-01-24T23:10:43.930Z INFO webdriver: [POST] http://127.0.0.1:4444/session/68de8a3039d4924b9df0ba0003c12eac/element
2020-01-24T23:10:43.930Z INFO webdriver: DATA { using: 'css selector', value: '#email' }
2020-01-24T23:10:43.972Z INFO webdriver: RESULT {
  error: 'no such element',
  message: 'no such element: Unable to locate element: {"method":"css selector","selector":"#email"}\n' +
    '  (Session info: chrome=79.0.3945.130)',
  stacktrace: 'Backtrace:\n' +
    '\tOrdinal0 [0x001AA113+1548563]\n' +
    '\tOrdinal0 [0x0012DDA1+1039777]\n' +
    '\tOrdinal0 [0x000AE485+517253]\n' +
    '\tOrdinal0 [0x00048539+99641]\n' +
    '\tOrdinal0 [0x00063BB0+211888]\n' +
    '\tOrdinal0 [0x000597B0+169904]\n' +
    '\tOrdinal0 [0x00062594+206228]\n' +
    '\tOrdinal0 [0x000595FB+169467]\n' +
    '\tOrdinal0 [0x0004160A+71178]\n' +
    '\tOrdinal0 [0x00042690+75408]\n' +
    '\tOrdinal0 [0x00042629+75305]\n' +
    '\tOrdinal0 [0x001471B7+1143223]\n' +
    '\tGetHandleVerifier [0x00242B46+507814]\n' +
    '\tGetHandleVerifier [0x00242864+507076]\n' +
    '\tGetHandleVerifier [0x00249F47+537511]\n' +
    '\tGetHandleVerifier [0x00243402+510050]\n' +
    '\tOrdinal0 [0x0013F29C+1110684]\n' +
    '\tOrdinal0 [0x0014938B+1151883]\n' +
    '\tOrdinal0 [0x001494F3+1152243]\n' +
    '\tOrdinal0 [0x001483F5+1147893]\n' +
    '\tBaseThreadInitThunk [0x764C6359+25]\n' +
    '\tRtlGetAppContainerNamedObjectPath [0x774B7B74+228]\n' +
    '\tRtlGetAppContainerNamedObjectPath [0x774B7B44+180]\n' +
    '\t(No symbol) [0x00000000]\n'
}
2020-01-24T23:10:43.974Z INFO webdriver: COMMAND findElements("css selector", "#email")
2020-01-24T23:10:43.975Z INFO webdriver: [POST] http://127.0.0.1:4444/session/68de8a3039d4924b9df0ba0003c12eac/elements
2020-01-24T23:10:43.975Z INFO webdriver: DATA { using: 'css selector', value: '#email' }
2020-01-24T23:10:43.993Z INFO webdriver: RESULT []
2020-01-24T23:10:44.475Z INFO webdriver: COMMAND findElements("css selector", "#email")
2020-01-24T23:10:44.475Z INFO webdriver: [POST] http://127.0.0.1:4444/session/68de8a3039d4924b9df0ba0003c12eac/elements
2020-01-24T23:10:44.475Z INFO webdriver: DATA { using: 'css selector', value: '#email' }
2020-01-24T23:10:44.493Z INFO webdriver: RESULT []
2020-01-24T23:10:44.975Z INFO webdriver: COMMAND findElements("css selector", "#email")
2020-01-24T23:10:44.975Z INFO webdriver: [POST] http://127.0.0.1:4444/session/68de8a3039d4924b9df0ba0003c12eac/elements
2020-01-24T23:10:44.975Z INFO webdriver: DATA { using: 'css selector', value: '#email' }
2020-01-24T23:10:44.994Z INFO webdriver: RESULT []
2020-01-24T23:10:45.476Z INFO webdriver: COMMAND findElements("css selector", "#email")
2020-01-24T23:10:45.477Z INFO webdriver: [POST] http://127.0.0.1:4444/session/68de8a3039d4924b9df0ba0003c12eac/elements
2020-01-24T23:10:45.477Z INFO webdriver: DATA { using: 'css selector', value: '#email' }
2020-01-24T23:10:45.501Z INFO webdriver: RESULT []
2020-01-24T23:10:45.975Z INFO webdriver: COMMAND findElements("css selector", "#email")
2020-01-24T23:10:45.976Z INFO webdriver: [POST] http://127.0.0.1:4444/session/68de8a3039d4924b9df0ba0003c12eac/elements
2020-01-24T23:10:45.976Z INFO webdriver: DATA { using: 'css selector', value: '#email' }
2020-01-24T23:10:46.001Z INFO webdriver: RESULT []
2020-01-24T23:10:46.474Z INFO webdriver: COMMAND findElements("css selector", "#email")
2020-01-24T23:10:46.475Z INFO webdriver: [POST] http://127.0.0.1:4444/session/68de8a3039d4924b9df0ba0003c12eac/elements
2020-01-24T23:10:46.475Z INFO webdriver: DATA { using: 'css selector', value: '#email' }
2020-01-24T23:10:46.487Z INFO webdriver: RESULT []
2020-01-24T23:10:46.974Z INFO webdriver: COMMAND findElements("css selector", "#email")
2020-01-24T23:10:46.974Z INFO webdriver: [POST] http://127.0.0.1:4444/session/68de8a3039d4924b9df0ba0003c12eac/elements
2020-01-24T23:10:46.975Z INFO webdriver: DATA { using: 'css selector', value: '#email' }
2020-01-24T23:10:46.998Z INFO webdriver: RESULT []
2020-01-24T23:10:47.475Z INFO webdriver: COMMAND findElements("css selector", "#email")
2020-01-24T23:10:47.475Z INFO webdriver: [POST] http://127.0.0.1:4444/session/68de8a3039d4924b9df0ba0003c12eac/elements
2020-01-24T23:10:47.475Z INFO webdriver: DATA { using: 'css selector', value: '#email' }
2020-01-24T23:10:47.491Z INFO webdriver: RESULT []
2020-01-24T23:10:47.975Z INFO webdriver: COMMAND findElements("css selector", "#email")
2020-01-24T23:10:47.977Z INFO webdriver: [POST] http://127.0.0.1:4444/session/68de8a3039d4924b9df0ba0003c12eac/elements
2020-01-24T23:10:47.978Z INFO webdriver: DATA { using: 'css selector', value: '#email' }
2020-01-24T23:10:47.993Z INFO webdriver: RESULT []
2020-01-24T23:10:48.476Z INFO webdriver: COMMAND findElements("css selector", "#email")
2020-01-24T23:10:48.477Z INFO webdriver: [POST] http://127.0.0.1:4444/session/68de8a3039d4924b9df0ba0003c12eac/elements
2020-01-24T23:10:48.477Z INFO webdriver: DATA { using: 'css selector', value: '#email' }
2020-01-24T23:10:48.503Z INFO webdriver: RESULT []
2020-01-24T23:10:48.975Z INFO webdriver: COMMAND findElements("css selector", "#email")
2020-01-24T23:10:48.976Z INFO webdriver: [POST] http://127.0.0.1:4444/session/68de8a3039d4924b9df0ba0003c12eac/elements
2020-01-24T23:10:48.976Z INFO webdriver: DATA { using: 'css selector', value: '#email' }
2020-01-24T23:10:48.987Z INFO webdriver: RESULT []
2020-01-24T23:10:49.474Z INFO webdriver: COMMAND findElements("css selector", "#email")
2020-01-24T23:10:49.475Z INFO webdriver: [POST] http://127.0.0.1:4444/session/68de8a3039d4924b9df0ba0003c12eac/elements
2020-01-24T23:10:49.475Z INFO webdriver: DATA { using: 'css selector', value: '#email' }
2020-01-24T23:10:49.492Z INFO webdriver: RESULT []
2020-01-24T23:10:49.975Z INFO webdriver: COMMAND findElements("css selector", "#email")
2020-01-24T23:10:49.975Z INFO webdriver: [POST] http://127.0.0.1:4444/session/68de8a3039d4924b9df0ba0003c12eac/elements
2020-01-24T23:10:49.976Z INFO webdriver: DATA { using: 'css selector', value: '#email' }
2020-01-24T23:10:50.001Z INFO webdriver: RESULT []
2020-01-24T23:10:50.474Z INFO webdriver: COMMAND findElements("css selector", "#email")
2020-01-24T23:10:50.474Z INFO webdriver: [POST] http://127.0.0.1:4444/session/68de8a3039d4924b9df0ba0003c12eac/elements
2020-01-24T23:10:50.474Z INFO webdriver: DATA { using: 'css selector', value: '#email' }
2020-01-24T23:10:50.484Z INFO webdriver: RESULT []
2020-01-24T23:10:50.975Z INFO webdriver: COMMAND findElements("css selector", "#email")
2020-01-24T23:10:50.976Z INFO webdriver: [POST] http://127.0.0.1:4444/session/68de8a3039d4924b9df0ba0003c12eac/elements
2020-01-24T23:10:50.976Z INFO webdriver: DATA { using: 'css selector', value: '#email' }
2020-01-24T23:10:50.988Z INFO webdriver: RESULT []
2020-01-24T23:10:51.475Z INFO webdriver: COMMAND findElements("css selector", "#email")
2020-01-24T23:10:51.476Z INFO webdriver: [POST] http://127.0.0.1:4444/session/68de8a3039d4924b9df0ba0003c12eac/elements
2020-01-24T23:10:51.476Z INFO webdriver: DATA { using: 'css selector', value: '#email' }
2020-01-24T23:10:51.494Z INFO webdriver: RESULT []
2020-01-24T23:10:51.976Z INFO webdriver: COMMAND findElements("css selector", "#email")
2020-01-24T23:10:51.976Z INFO webdriver: [POST] http://127.0.0.1:4444/session/68de8a3039d4924b9df0ba0003c12eac/elements
2020-01-24T23:10:51.976Z INFO webdriver: DATA { using: 'css selector', value: '#email' }
2020-01-24T23:10:52.005Z INFO webdriver: RESULT []
2020-01-24T23:10:52.475Z INFO webdriver: COMMAND findElements("css selector", "#email")
2020-01-24T23:10:52.475Z INFO webdriver: [POST] http://127.0.0.1:4444/session/68de8a3039d4924b9df0ba0003c12eac/elements
2020-01-24T23:10:52.475Z INFO webdriver: DATA { using: 'css selector', value: '#email' }
2020-01-24T23:10:52.485Z INFO webdriver: RESULT []
2020-01-24T23:10:52.974Z INFO webdriver: COMMAND findElements("css selector", "#email")
2020-01-24T23:10:52.974Z INFO webdriver: [POST] http://127.0.0.1:4444/session/68de8a3039d4924b9df0ba0003c12eac/elements
2020-01-24T23:10:52.975Z INFO webdriver: DATA { using: 'css selector', value: '#email' }
2020-01-24T23:10:53.004Z INFO webdriver: RESULT []
2020-01-24T23:10:53.476Z INFO webdriver: COMMAND findElements("css selector", "#email")
2020-01-24T23:10:53.476Z INFO webdriver: [POST] http://127.0.0.1:4444/session/68de8a3039d4924b9df0ba0003c12eac/elements
2020-01-24T23:10:53.478Z INFO webdriver: DATA { using: 'css selector', value: '#email' }
2020-01-24T23:10:53.502Z INFO webdriver: RESULT []
2020-01-24T23:10:53.979Z INFO webdriver: COMMAND findElement("css selector", "#passwd")
2020-01-24T23:10:53.979Z INFO webdriver: [POST] http://127.0.0.1:4444/session/68de8a3039d4924b9df0ba0003c12eac/element
2020-01-24T23:10:53.979Z INFO webdriver: DATA { using: 'css selector', value: '#passwd' }
2020-01-24T23:10:54.003Z INFO webdriver: RESULT {
  error: 'no such element',
  message: 'no such element: Unable to locate element: {"method":"css selector","selector":"#passwd"}\n' +
    '  (Session info: chrome=79.0.3945.130)',
  stacktrace: 'Backtrace:\n' +
    '\tOrdinal0 [0x001AA113+1548563]\n' +
    '\tOrdinal0 [0x0012DDA1+1039777]\n' +
    '\tOrdinal0 [0x000AE485+517253]\n' +
    '\tOrdinal0 [0x00048539+99641]\n' +
    '\tOrdinal0 [0x00063BB0+211888]\n' +
    '\tOrdinal0 [0x000597B0+169904]\n' +
    '\tOrdinal0 [0x00062594+206228]\n' +
    '\tOrdinal0 [0x000595FB+169467]\n' +
    '\tOrdinal0 [0x0004160A+71178]\n' +
    '\tOrdinal0 [0x00042690+75408]\n' +
    '\tOrdinal0 [0x00042629+75305]\n' +
    '\tOrdinal0 [0x001471B7+1143223]\n' +
    '\tGetHandleVerifier [0x00242B46+507814]\n' +
    '\tGetHandleVerifier [0x00242864+507076]\n' +
    '\tGetHandleVerifier [0x00249F47+537511]\n' +
    '\tGetHandleVerifier [0x00243402+510050]\n' +
    '\tOrdinal0 [0x0013F29C+1110684]\n' +
    '\tOrdinal0 [0x0014938B+1151883]\n' +
    '\tOrdinal0 [0x001494F3+1152243]\n' +
    '\tOrdinal0 [0x001483F5+1147893]\n' +
    '\tBaseThreadInitThunk [0x764C6359+25]\n' +
    '\tRtlGetAppContainerNamedObjectPath [0x774B7B74+228]\n' +
    '\tRtlGetAppContainerNamedObjectPath [0x774B7B44+180]\n' +
    '\t(No symbol) [0x00000000]\n'
}
2020-01-24T23:10:54.009Z INFO webdriver: COMMAND findElements("css selector", "#passwd")
2020-01-24T23:10:54.010Z INFO webdriver: [POST] http://127.0.0.1:4444/session/68de8a3039d4924b9df0ba0003c12eac/elements
2020-01-24T23:10:54.010Z INFO webdriver: DATA { using: 'css selector', value: '#passwd' }
2020-01-24T23:10:54.027Z INFO webdriver: RESULT []
2020-01-24T23:10:54.510Z INFO webdriver: COMMAND findElements("css selector", "#passwd")
2020-01-24T23:10:54.510Z INFO webdriver: [POST] http://127.0.0.1:4444/session/68de8a3039d4924b9df0ba0003c12eac/elements
2020-01-24T23:10:54.510Z INFO webdriver: DATA { using: 'css selector', value: '#passwd' }
2020-01-24T23:10:54.533Z INFO webdriver: RESULT []
2020-01-24T23:10:55.012Z INFO webdriver: COMMAND findElements("css selector", "#passwd")
2020-01-24T23:10:55.012Z INFO webdriver: [POST] http://127.0.0.1:4444/session/68de8a3039d4924b9df0ba0003c12eac/elements
2020-01-24T23:10:55.012Z INFO webdriver: DATA { using: 'css selector', value: '#passwd' }
2020-01-24T23:10:55.036Z INFO webdriver: RESULT []
2020-01-24T23:10:55.510Z INFO webdriver: COMMAND findElements("css selector", "#passwd")
2020-01-24T23:10:55.511Z INFO webdriver: [POST] http://127.0.0.1:4444/session/68de8a3039d4924b9df0ba0003c12eac/elements
2020-01-24T23:10:55.511Z INFO webdriver: DATA { using: 'css selector', value: '#passwd' }
2020-01-24T23:10:55.542Z INFO webdriver: RESULT []
2020-01-24T23:10:56.010Z INFO webdriver: COMMAND findElements("css selector", "#passwd")
2020-01-24T23:10:56.010Z INFO webdriver: [POST] http://127.0.0.1:4444/session/68de8a3039d4924b9df0ba0003c12eac/elements
2020-01-24T23:10:56.010Z INFO webdriver: DATA { using: 'css selector', value: '#passwd' }
2020-01-24T23:10:56.034Z INFO webdriver: RESULT []
2020-01-24T23:10:56.511Z INFO webdriver: COMMAND findElements("css selector", "#passwd")
2020-01-24T23:10:56.511Z INFO webdriver: [POST] http://127.0.0.1:4444/session/68de8a3039d4924b9df0ba0003c12eac/elements
2020-01-24T23:10:56.512Z INFO webdriver: DATA { using: 'css selector', value: '#passwd' }
2020-01-24T23:10:56.535Z INFO webdriver: RESULT []
2020-01-24T23:10:57.010Z INFO webdriver: COMMAND findElements("css selector", "#passwd")
2020-01-24T23:10:57.011Z INFO webdriver: [POST] http://127.0.0.1:4444/session/68de8a3039d4924b9df0ba0003c12eac/elements
2020-01-24T23:10:57.011Z INFO webdriver: DATA { using: 'css selector', value: '#passwd' }
2020-01-24T23:10:57.034Z INFO webdriver: RESULT []
2020-01-24T23:10:57.511Z INFO webdriver: COMMAND findElements("css selector", "#passwd")
2020-01-24T23:10:57.511Z INFO webdriver: [POST] http://127.0.0.1:4444/session/68de8a3039d4924b9df0ba0003c12eac/elements
2020-01-24T23:10:57.511Z INFO webdriver: DATA { using: 'css selector', value: '#passwd' }
2020-01-24T23:10:57.536Z INFO webdriver: RESULT []
2020-01-24T23:10:58.009Z INFO webdriver: COMMAND findElements("css selector", "#passwd")
2020-01-24T23:10:58.010Z INFO webdriver: [POST] http://127.0.0.1:4444/session/68de8a3039d4924b9df0ba0003c12eac/elements
2020-01-24T23:10:58.010Z INFO webdriver: DATA { using: 'css selector', value: '#passwd' }
2020-01-24T23:10:58.025Z INFO webdriver: RESULT []
2020-01-24T23:10:58.511Z INFO webdriver: COMMAND findElements("css selector", "#passwd")
2020-01-24T23:10:58.511Z INFO webdriver: [POST] http://127.0.0.1:4444/session/68de8a3039d4924b9df0ba0003c12eac/elements
2020-01-24T23:10:58.511Z INFO webdriver: DATA { using: 'css selector', value: '#passwd' }
2020-01-24T23:10:58.525Z INFO webdriver: RESULT []
2020-01-24T23:10:59.010Z INFO webdriver: COMMAND findElements("css selector", "#passwd")
2020-01-24T23:10:59.010Z INFO webdriver: [POST] http://127.0.0.1:4444/session/68de8a3039d4924b9df0ba0003c12eac/elements
2020-01-24T23:10:59.011Z INFO webdriver: DATA { using: 'css selector', value: '#passwd' }
2020-01-24T23:10:59.034Z INFO webdriver: RESULT []
2020-01-24T23:10:59.510Z INFO webdriver: COMMAND findElements("css selector", "#passwd")
2020-01-24T23:10:59.511Z INFO webdriver: [POST] http://127.0.0.1:4444/session/68de8a3039d4924b9df0ba0003c12eac/elements
2020-01-24T23:10:59.511Z INFO webdriver: DATA { using: 'css selector', value: '#passwd' }
2020-01-24T23:10:59.524Z INFO webdriver: RESULT []
2020-01-24T23:11:00.010Z INFO webdriver: COMMAND findElements("css selector", "#passwd")
2020-01-24T23:11:00.011Z INFO webdriver: [POST] http://127.0.0.1:4444/session/68de8a3039d4924b9df0ba0003c12eac/elements
2020-01-24T23:11:00.011Z INFO webdriver: DATA { using: 'css selector', value: '#passwd' }
2020-01-24T23:11:00.029Z INFO webdriver: RESULT []
2020-01-24T23:11:00.510Z INFO webdriver: COMMAND findElements("css selector", "#passwd")
2020-01-24T23:11:00.511Z INFO webdriver: [POST] http://127.0.0.1:4444/session/68de8a3039d4924b9df0ba0003c12eac/elements
2020-01-24T23:11:00.511Z INFO webdriver: DATA { using: 'css selector', value: '#passwd' }
2020-01-24T23:11:00.535Z INFO webdriver: RESULT []
2020-01-24T23:11:01.009Z INFO webdriver: COMMAND findElements("css selector", "#passwd")
2020-01-24T23:11:01.010Z INFO webdriver: [POST] http://127.0.0.1:4444/session/68de8a3039d4924b9df0ba0003c12eac/elements
2020-01-24T23:11:01.010Z INFO webdriver: DATA { using: 'css selector', value: '#passwd' }
2020-01-24T23:11:01.025Z INFO webdriver: RESULT []
2020-01-24T23:11:01.509Z INFO webdriver: COMMAND findElements("css selector", "#passwd")
2020-01-24T23:11:01.509Z INFO webdriver: [POST] http://127.0.0.1:4444/session/68de8a3039d4924b9df0ba0003c12eac/elements
2020-01-24T23:11:01.509Z INFO webdriver: DATA { using: 'css selector', value: '#passwd' }
2020-01-24T23:11:01.521Z INFO webdriver: RESULT []
2020-01-24T23:11:02.010Z INFO webdriver: COMMAND findElements("css selector", "#passwd")
2020-01-24T23:11:02.010Z INFO webdriver: [POST] http://127.0.0.1:4444/session/68de8a3039d4924b9df0ba0003c12eac/elements
2020-01-24T23:11:02.010Z INFO webdriver: DATA { using: 'css selector', value: '#passwd' }
2020-01-24T23:11:02.036Z INFO webdriver: RESULT []
2020-01-24T23:11:02.508Z INFO webdriver: COMMAND findElements("css selector", "#passwd")
2020-01-24T23:11:02.509Z INFO webdriver: [POST] http://127.0.0.1:4444/session/68de8a3039d4924b9df0ba0003c12eac/elements
2020-01-24T23:11:02.509Z INFO webdriver: DATA { using: 'css selector', value: '#passwd' }
2020-01-24T23:11:02.524Z INFO webdriver: RESULT []
2020-01-24T23:11:03.011Z INFO webdriver: COMMAND findElements("css selector", "#passwd")
2020-01-24T23:11:03.011Z INFO webdriver: [POST] http://127.0.0.1:4444/session/68de8a3039d4924b9df0ba0003c12eac/elements
2020-01-24T23:11:03.011Z INFO webdriver: DATA { using: 'css selector', value: '#passwd' }
2020-01-24T23:11:03.035Z INFO webdriver: RESULT []
2020-01-24T23:11:03.509Z INFO webdriver: COMMAND findElements("css selector", "#passwd")
2020-01-24T23:11:03.509Z INFO webdriver: [POST] http://127.0.0.1:4444/session/68de8a3039d4924b9df0ba0003c12eac/elements
2020-01-24T23:11:03.509Z INFO webdriver: DATA { using: 'css selector', value: '#passwd' }
2020-01-24T23:11:03.533Z INFO webdriver: RESULT []
2020-01-24T23:11:04.012Z INFO webdriver: COMMAND findElement("css selector", "#email")
2020-01-24T23:11:04.013Z INFO webdriver: [POST] http://127.0.0.1:4444/session/68de8a3039d4924b9df0ba0003c12eac/element
2020-01-24T23:11:04.013Z INFO webdriver: DATA { using: 'css selector', value: '#email' }
2020-01-24T23:11:04.069Z INFO webdriver: RESULT {
  error: 'no such element',
  message: 'no such element: Unable to locate element: {"method":"css selector","selector":"#email"}\n' +
    '  (Session info: chrome=79.0.3945.130)',
  stacktrace: 'Backtrace:\n' +
    '\tOrdinal0 [0x001AA113+1548563]\n' +
    '\tOrdinal0 [0x0012DDA1+1039777]\n' +
    '\tOrdinal0 [0x000AE485+517253]\n' +
    '\tOrdinal0 [0x00048539+99641]\n' +
    '\tOrdinal0 [0x00063BB0+211888]\n' +
    '\tOrdinal0 [0x000597B0+169904]\n' +
    '\tOrdinal0 [0x00062594+206228]\n' +
    '\tOrdinal0 [0x000595FB+169467]\n' +
    '\tOrdinal0 [0x0004160A+71178]\n' +
    '\tOrdinal0 [0x00042690+75408]\n' +
    '\tOrdinal0 [0x00042629+75305]\n' +
    '\tOrdinal0 [0x001471B7+1143223]\n' +
    '\tGetHandleVerifier [0x00242B46+507814]\n' +
    '\tGetHandleVerifier [0x00242864+507076]\n' +
    '\tGetHandleVerifier [0x00249F47+537511]\n' +
    '\tGetHandleVerifier [0x00243402+510050]\n' +
    '\tOrdinal0 [0x0013F29C+1110684]\n' +
    '\tOrdinal0 [0x0014938B+1151883]\n' +
    '\tOrdinal0 [0x001494F3+1152243]\n' +
    '\tOrdinal0 [0x001483F5+1147893]\n' +
    '\tBaseThreadInitThunk [0x764C6359+25]\n' +
    '\tRtlGetAppContainerNamedObjectPath [0x774B7B74+228]\n' +
    '\tRtlGetAppContainerNamedObjectPath [0x774B7B44+180]\n' +
    '\t(No symbol) [0x00000000]\n'
}
2020-01-24T23:11:04.073Z INFO webdriver: COMMAND findElements("css selector", "#email")
2020-01-24T23:11:04.073Z INFO webdriver: [POST] http://127.0.0.1:4444/session/68de8a3039d4924b9df0ba0003c12eac/elements
2020-01-24T23:11:04.073Z INFO webdriver: DATA { using: 'css selector', value: '#email' }
2020-01-24T23:11:04.112Z INFO webdriver: RESULT []
2020-01-24T23:11:04.573Z INFO webdriver: COMMAND findElements("css selector", "#email")
2020-01-24T23:11:04.574Z INFO webdriver: [POST] http://127.0.0.1:4444/session/68de8a3039d4924b9df0ba0003c12eac/elements
2020-01-24T23:11:04.574Z INFO webdriver: DATA { using: 'css selector', value: '#email' }
2020-01-24T23:11:04.593Z INFO webdriver: RESULT []
2020-01-24T23:11:05.073Z INFO webdriver: COMMAND findElements("css selector", "#email")
2020-01-24T23:11:05.073Z INFO webdriver: [POST] http://127.0.0.1:4444/session/68de8a3039d4924b9df0ba0003c12eac/elements
2020-01-24T23:11:05.073Z INFO webdriver: DATA { using: 'css selector', value: '#email' }
2020-01-24T23:11:05.097Z INFO webdriver: RESULT []
2020-01-24T23:11:05.573Z INFO webdriver: COMMAND findElements("css selector", "#email")
2020-01-24T23:11:05.574Z INFO webdriver: [POST] http://127.0.0.1:4444/session/68de8a3039d4924b9df0ba0003c12eac/elements
2020-01-24T23:11:05.574Z INFO webdriver: DATA { using: 'css selector', value: '#email' }
2020-01-24T23:11:05.598Z INFO webdriver: RESULT []
2020-01-24T23:11:06.073Z INFO webdriver: COMMAND findElements("css selector", "#email")
2020-01-24T23:11:06.074Z INFO webdriver: [POST] http://127.0.0.1:4444/session/68de8a3039d4924b9df0ba0003c12eac/elements
2020-01-24T23:11:06.074Z INFO webdriver: DATA { using: 'css selector', value: '#email' }
2020-01-24T23:11:06.098Z INFO webdriver: RESULT []
2020-01-24T23:11:06.572Z INFO webdriver: COMMAND findElements("css selector", "#email")
2020-01-24T23:11:06.573Z INFO webdriver: [POST] http://127.0.0.1:4444/session/68de8a3039d4924b9df0ba0003c12eac/elements
2020-01-24T23:11:06.573Z INFO webdriver: DATA { using: 'css selector', value: '#email' }
2020-01-24T23:11:06.595Z INFO webdriver: RESULT []
2020-01-24T23:11:07.074Z INFO webdriver: COMMAND findElements("css selector", "#email")
2020-01-24T23:11:07.074Z INFO webdriver: [POST] http://127.0.0.1:4444/session/68de8a3039d4924b9df0ba0003c12eac/elements
2020-01-24T23:11:07.074Z INFO webdriver: DATA { using: 'css selector', value: '#email' }
2020-01-24T23:11:07.083Z INFO webdriver: RESULT []
2020-01-24T23:11:07.574Z INFO webdriver: COMMAND findElements("css selector", "#email")
2020-01-24T23:11:07.574Z INFO webdriver: [POST] http://127.0.0.1:4444/session/68de8a3039d4924b9df0ba0003c12eac/elements
2020-01-24T23:11:07.575Z INFO webdriver: DATA { using: 'css selector', value: '#email' }
2020-01-24T23:11:07.582Z INFO webdriver: RESULT []
2020-01-24T23:11:08.073Z INFO webdriver: COMMAND findElements("css selector", "#email")
2020-01-24T23:11:08.073Z INFO webdriver: [POST] http://127.0.0.1:4444/session/68de8a3039d4924b9df0ba0003c12eac/elements
2020-01-24T23:11:08.073Z INFO webdriver: DATA { using: 'css selector', value: '#email' }
2020-01-24T23:11:08.098Z INFO webdriver: RESULT []
2020-01-24T23:11:08.574Z INFO webdriver: COMMAND findElements("css selector", "#email")
2020-01-24T23:11:08.575Z INFO webdriver: [POST] http://127.0.0.1:4444/session/68de8a3039d4924b9df0ba0003c12eac/elements
2020-01-24T23:11:08.575Z INFO webdriver: DATA { using: 'css selector', value: '#email' }
2020-01-24T23:11:08.595Z INFO webdriver: RESULT []
2020-01-24T23:11:09.073Z INFO webdriver: COMMAND findElements("css selector", "#email")
2020-01-24T23:11:09.074Z INFO webdriver: [POST] http://127.0.0.1:4444/session/68de8a3039d4924b9df0ba0003c12eac/elements
2020-01-24T23:11:09.074Z INFO webdriver: DATA { using: 'css selector', value: '#email' }
2020-01-24T23:11:09.082Z INFO webdriver: RESULT []
2020-01-24T23:11:09.578Z INFO webdriver: COMMAND findElements("css selector", "#email")
2020-01-24T23:11:09.578Z INFO webdriver: [POST] http://127.0.0.1:4444/session/68de8a3039d4924b9df0ba0003c12eac/elements
2020-01-24T23:11:09.578Z INFO webdriver: DATA { using: 'css selector', value: '#email' }
2020-01-24T23:11:09.595Z INFO webdriver: RESULT []
2020-01-24T23:11:10.073Z INFO webdriver: COMMAND findElements("css selector", "#email")
2020-01-24T23:11:10.073Z INFO webdriver: [POST] http://127.0.0.1:4444/session/68de8a3039d4924b9df0ba0003c12eac/elements
2020-01-24T23:11:10.074Z INFO webdriver: DATA { using: 'css selector', value: '#email' }
2020-01-24T23:11:10.099Z INFO webdriver: RESULT []
2020-01-24T23:11:10.574Z INFO webdriver: COMMAND findElements("css selector", "#email")
2020-01-24T23:11:10.575Z INFO webdriver: [POST] http://127.0.0.1:4444/session/68de8a3039d4924b9df0ba0003c12eac/elements
2020-01-24T23:11:10.575Z INFO webdriver: DATA { using: 'css selector', value: '#email' }
2020-01-24T23:11:10.597Z INFO webdriver: RESULT []
2020-01-24T23:11:11.074Z INFO webdriver: COMMAND findElements("css selector", "#email")
2020-01-24T23:11:11.074Z INFO webdriver: [POST] http://127.0.0.1:4444/session/68de8a3039d4924b9df0ba0003c12eac/elements
2020-01-24T23:11:11.074Z INFO webdriver: DATA { using: 'css selector', value: '#email' }
2020-01-24T23:11:11.102Z INFO webdriver: RESULT []
2020-01-24T23:11:11.573Z INFO webdriver: COMMAND findElements("css selector", "#email")
2020-01-24T23:11:11.573Z INFO webdriver: [POST] http://127.0.0.1:4444/session/68de8a3039d4924b9df0ba0003c12eac/elements
2020-01-24T23:11:11.574Z INFO webdriver: DATA { using: 'css selector', value: '#email' }
2020-01-24T23:11:11.597Z INFO webdriver: RESULT []
2020-01-24T23:11:12.072Z INFO webdriver: COMMAND findElements("css selector", "#email")
2020-01-24T23:11:12.073Z INFO webdriver: [POST] http://127.0.0.1:4444/session/68de8a3039d4924b9df0ba0003c12eac/elements
2020-01-24T23:11:12.073Z INFO webdriver: DATA { using: 'css selector', value: '#email' }
2020-01-24T23:11:12.096Z INFO webdriver: RESULT []
2020-01-24T23:11:12.572Z INFO webdriver: COMMAND findElements("css selector", "#email")
2020-01-24T23:11:12.573Z INFO webdriver: [POST] http://127.0.0.1:4444/session/68de8a3039d4924b9df0ba0003c12eac/elements
2020-01-24T23:11:12.573Z INFO webdriver: DATA { using: 'css selector', value: '#email' }
2020-01-24T23:11:12.597Z INFO webdriver: RESULT []
2020-01-24T23:11:13.073Z INFO webdriver: COMMAND findElements("css selector", "#email")
2020-01-24T23:11:13.073Z INFO webdriver: [POST] http://127.0.0.1:4444/session/68de8a3039d4924b9df0ba0003c12eac/elements
2020-01-24T23:11:13.074Z INFO webdriver: DATA { using: 'css selector', value: '#email' }
2020-01-24T23:11:13.098Z INFO webdriver: RESULT []
2020-01-24T23:11:13.574Z INFO webdriver: COMMAND findElements("css selector", "#email")
2020-01-24T23:11:13.574Z INFO webdriver: [POST] http://127.0.0.1:4444/session/68de8a3039d4924b9df0ba0003c12eac/elements
2020-01-24T23:11:13.574Z INFO webdriver: DATA { using: 'css selector', value: '#email' }
2020-01-24T23:11:13.605Z INFO webdriver: RESULT []
2020-01-24T23:11:14.076Z INFO webdriver: COMMAND findElement("css selector", "#email")
2020-01-24T23:11:14.077Z INFO webdriver: [POST] http://127.0.0.1:4444/session/68de8a3039d4924b9df0ba0003c12eac/element
2020-01-24T23:11:14.077Z INFO webdriver: DATA { using: 'css selector', value: '#email' }
2020-01-24T23:11:14.092Z INFO webdriver: RESULT {
  error: 'no such element',
  message: 'no such element: Unable to locate element: {"method":"css selector","selector":"#email"}\n' +
    '  (Session info: chrome=79.0.3945.130)',
  stacktrace: 'Backtrace:\n' +
    '\tOrdinal0 [0x001AA113+1548563]\n' +
    '\tOrdinal0 [0x0012DDA1+1039777]\n' +
    '\tOrdinal0 [0x000AE485+517253]\n' +
    '\tOrdinal0 [0x00048539+99641]\n' +
    '\tOrdinal0 [0x00063BB0+211888]\n' +
    '\tOrdinal0 [0x000597B0+169904]\n' +
    '\tOrdinal0 [0x00062594+206228]\n' +
    '\tOrdinal0 [0x000595FB+169467]\n' +
    '\tOrdinal0 [0x0004160A+71178]\n' +
    '\tOrdinal0 [0x00042690+75408]\n' +
    '\tOrdinal0 [0x00042629+75305]\n' +
    '\tOrdinal0 [0x001471B7+1143223]\n' +
    '\tGetHandleVerifier [0x00242B46+507814]\n' +
    '\tGetHandleVerifier [0x00242864+507076]\n' +
    '\tGetHandleVerifier [0x00249F47+537511]\n' +
    '\tGetHandleVerifier [0x00243402+510050]\n' +
    '\tOrdinal0 [0x0013F29C+1110684]\n' +
    '\tOrdinal0 [0x0014938B+1151883]\n' +
    '\tOrdinal0 [0x001494F3+1152243]\n' +
    '\tOrdinal0 [0x001483F5+1147893]\n' +
    '\tBaseThreadInitThunk [0x764C6359+25]\n' +
    '\tRtlGetAppContainerNamedObjectPath [0x774B7B74+228]\n' +
    '\tRtlGetAppContainerNamedObjectPath [0x774B7B44+180]\n' +
    '\t(No symbol) [0x00000000]\n'
}
2020-01-24T23:11:14.097Z INFO webdriver: COMMAND findElements("css selector", "#email")
2020-01-24T23:11:14.097Z INFO webdriver: [POST] http://127.0.0.1:4444/session/68de8a3039d4924b9df0ba0003c12eac/elements
2020-01-24T23:11:14.097Z INFO webdriver: DATA { using: 'css selector', value: '#email' }
2020-01-24T23:11:14.111Z INFO webdriver: RESULT []
2020-01-24T23:11:14.597Z INFO webdriver: COMMAND findElements("css selector", "#email")
2020-01-24T23:11:14.598Z INFO webdriver: [POST] http://127.0.0.1:4444/session/68de8a3039d4924b9df0ba0003c12eac/elements
2020-01-24T23:11:14.598Z INFO webdriver: DATA { using: 'css selector', value: '#email' }
2020-01-24T23:11:14.622Z INFO webdriver: RESULT []
2020-01-24T23:11:15.097Z INFO webdriver: COMMAND findElements("css selector", "#email")
2020-01-24T23:11:15.098Z INFO webdriver: [POST] http://127.0.0.1:4444/session/68de8a3039d4924b9df0ba0003c12eac/elements
2020-01-24T23:11:15.099Z INFO webdriver: DATA { using: 'css selector', value: '#email' }
2020-01-24T23:11:15.114Z INFO webdriver: RESULT []
2020-01-24T23:11:15.597Z INFO webdriver: COMMAND findElements("css selector", "#email")
2020-01-24T23:11:15.598Z INFO webdriver: [POST] http://127.0.0.1:4444/session/68de8a3039d4924b9df0ba0003c12eac/elements
2020-01-24T23:11:15.598Z INFO webdriver: DATA { using: 'css selector', value: '#email' }
2020-01-24T23:11:15.617Z INFO webdriver: RESULT []
2020-01-24T23:11:16.097Z INFO webdriver: COMMAND findElements("css selector", "#email")
2020-01-24T23:11:16.098Z INFO webdriver: [POST] http://127.0.0.1:4444/session/68de8a3039d4924b9df0ba0003c12eac/elements
2020-01-24T23:11:16.099Z INFO webdriver: DATA { using: 'css selector', value: '#email' }
2020-01-24T23:11:16.111Z INFO webdriver: RESULT []
2020-01-24T23:11:16.599Z INFO webdriver: COMMAND findElements("css selector", "#email")
2020-01-24T23:11:16.600Z INFO webdriver: [POST] http://127.0.0.1:4444/session/68de8a3039d4924b9df0ba0003c12eac/elements
2020-01-24T23:11:16.600Z INFO webdriver: DATA { using: 'css selector', value: '#email' }
2020-01-24T23:11:16.639Z INFO webdriver: RESULT []
2020-01-24T23:11:17.096Z INFO webdriver: COMMAND findElements("css selector", "#email")
2020-01-24T23:11:17.097Z INFO webdriver: [POST] http://127.0.0.1:4444/session/68de8a3039d4924b9df0ba0003c12eac/elements
2020-01-24T23:11:17.097Z INFO webdriver: DATA { using: 'css selector', value: '#email' }
2020-01-24T23:11:17.117Z INFO webdriver: RESULT []
2020-01-24T23:11:17.597Z INFO webdriver: COMMAND findElements("css selector", "#email")
2020-01-24T23:11:17.597Z INFO webdriver: [POST] http://127.0.0.1:4444/session/68de8a3039d4924b9df0ba0003c12eac/elements
2020-01-24T23:11:17.598Z INFO webdriver: DATA { using: 'css selector', value: '#email' }
2020-01-24T23:11:17.621Z INFO webdriver: RESULT []
2020-01-24T23:11:18.098Z INFO webdriver: COMMAND findElements("css selector", "#email")
2020-01-24T23:11:18.098Z INFO webdriver: [POST] http://127.0.0.1:4444/session/68de8a3039d4924b9df0ba0003c12eac/elements
2020-01-24T23:11:18.098Z INFO webdriver: DATA { using: 'css selector', value: '#email' }
2020-01-24T23:11:18.108Z INFO webdriver: RESULT []
2020-01-24T23:11:18.598Z INFO webdriver: COMMAND findElements("css selector", "#email")
2020-01-24T23:11:18.598Z INFO webdriver: [POST] http://127.0.0.1:4444/session/68de8a3039d4924b9df0ba0003c12eac/elements
2020-01-24T23:11:18.599Z INFO webdriver: DATA { using: 'css selector', value: '#email' }
2020-01-24T23:11:18.623Z INFO webdriver: RESULT []
2020-01-24T23:11:19.097Z INFO webdriver: COMMAND findElements("css selector", "#email")
2020-01-24T23:11:19.097Z INFO webdriver: [POST] http://127.0.0.1:4444/session/68de8a3039d4924b9df0ba0003c12eac/elements
2020-01-24T23:11:19.098Z INFO webdriver: DATA { using: 'css selector', value: '#email' }
2020-01-24T23:11:19.112Z INFO webdriver: RESULT []
2020-01-24T23:11:19.596Z INFO webdriver: COMMAND findElements("css selector", "#email")
2020-01-24T23:11:19.597Z INFO webdriver: [POST] http://127.0.0.1:4444/session/68de8a3039d4924b9df0ba0003c12eac/elements
2020-01-24T23:11:19.597Z INFO webdriver: DATA { using: 'css selector', value: '#email' }
2020-01-24T23:11:19.604Z INFO webdriver: RESULT []
2020-01-24T23:11:20.097Z INFO webdriver: COMMAND findElements("css selector", "#email")
2020-01-24T23:11:20.098Z INFO webdriver: [POST] http://127.0.0.1:4444/session/68de8a3039d4924b9df0ba0003c12eac/elements
2020-01-24T23:11:20.098Z INFO webdriver: DATA { using: 'css selector', value: '#email' }
2020-01-24T23:11:20.107Z INFO webdriver: RESULT []
2020-01-24T23:11:20.596Z INFO webdriver: COMMAND findElements("css selector", "#email")
2020-01-24T23:11:20.597Z INFO webdriver: [POST] http://127.0.0.1:4444/session/68de8a3039d4924b9df0ba0003c12eac/elements
2020-01-24T23:11:20.597Z INFO webdriver: DATA { using: 'css selector', value: '#email' }
2020-01-24T23:11:20.611Z INFO webdriver: RESULT []
2020-01-24T23:11:21.098Z INFO webdriver: COMMAND findElements("css selector", "#email")
2020-01-24T23:11:21.098Z INFO webdriver: [POST] http://127.0.0.1:4444/session/68de8a3039d4924b9df0ba0003c12eac/elements
2020-01-24T23:11:21.098Z INFO webdriver: DATA { using: 'css selector', value: '#email' }
2020-01-24T23:11:21.122Z INFO webdriver: RESULT []
2020-01-24T23:11:21.598Z INFO webdriver: COMMAND findElements("css selector", "#email")
2020-01-24T23:11:21.599Z INFO webdriver: [POST] http://127.0.0.1:4444/session/68de8a3039d4924b9df0ba0003c12eac/elements
2020-01-24T23:11:21.599Z INFO webdriver: DATA { using: 'css selector', value: '#email' }
2020-01-24T23:11:21.625Z INFO webdriver: RESULT []
2020-01-24T23:11:22.097Z INFO webdriver: COMMAND findElements("css selector", "#email")
2020-01-24T23:11:22.098Z INFO webdriver: [POST] http://127.0.0.1:4444/session/68de8a3039d4924b9df0ba0003c12eac/elements
2020-01-24T23:11:22.098Z INFO webdriver: DATA { using: 'css selector', value: '#email' }
2020-01-24T23:11:22.105Z INFO webdriver: RESULT []
2020-01-24T23:11:22.597Z INFO webdriver: COMMAND findElements("css selector", "#email")
2020-01-24T23:11:22.597Z INFO webdriver: [POST] http://127.0.0.1:4444/session/68de8a3039d4924b9df0ba0003c12eac/elements
2020-01-24T23:11:22.597Z INFO webdriver: DATA { using: 'css selector', value: '#email' }
2020-01-24T23:11:22.618Z INFO webdriver: RESULT []
2020-01-24T23:11:23.097Z INFO webdriver: COMMAND findElements("css selector", "#email")
2020-01-24T23:11:23.098Z INFO webdriver: [POST] http://127.0.0.1:4444/session/68de8a3039d4924b9df0ba0003c12eac/elements
2020-01-24T23:11:23.098Z INFO webdriver: DATA { using: 'css selector', value: '#email' }
2020-01-24T23:11:23.113Z INFO webdriver: RESULT []
2020-01-24T23:11:23.597Z INFO webdriver: COMMAND findElements("css selector", "#email")
2020-01-24T23:11:23.597Z INFO webdriver: [POST] http://127.0.0.1:4444/session/68de8a3039d4924b9df0ba0003c12eac/elements
2020-01-24T23:11:23.597Z INFO webdriver: DATA { using: 'css selector', value: '#email' }
2020-01-24T23:11:23.611Z INFO webdriver: RESULT []
2020-01-24T23:11:24.101Z INFO webdriver: COMMAND getLogTypes()
2020-01-24T23:11:24.101Z INFO webdriver: [GET] http://127.0.0.1:4444/session/68de8a3039d4924b9df0ba0003c12eac/se/log/types
2020-01-24T23:11:24.103Z INFO webdriver: RESULT [ 'browser', 'driver' ]
2020-01-24T23:11:24.104Z INFO webdriver: COMMAND getLogs("browser")
2020-01-24T23:11:24.104Z INFO webdriver: [POST] http://127.0.0.1:4444/session/68de8a3039d4924b9df0ba0003c12eac/se/log
2020-01-24T23:11:24.104Z INFO webdriver: DATA { type: 'browser' }
2020-01-24T23:11:24.104Z INFO webdriver: COMMAND getLogs("driver")
2020-01-24T23:11:24.105Z INFO webdriver: [POST] http://127.0.0.1:4444/session/68de8a3039d4924b9df0ba0003c12eac/se/log
2020-01-24T23:11:24.105Z INFO webdriver: DATA { type: 'driver' }
2020-01-24T23:11:24.108Z INFO webdriver: RESULT []
2020-01-24T23:11:24.111Z INFO webdriver: RESULT [
  {
    level: 'WARNING',
    message: 'Timed out connecting to Chrome, retrying...\n',
    timestamp: 1579907421105
  },
  {
    level: 'WARNING',
    message: 'Timed out connecting to Chrome, retrying...\n',
    timestamp: 1579907431385
  }
]
2020-01-24T23:11:24.114Z INFO webdriver: COMMAND deleteSession()
2020-01-24T23:11:24.114Z INFO webdriver: [DELETE] http://127.0.0.1:4444/session/68de8a3039d4924b9df0ba0003c12eac
